14:19:53 **** Incremental Build of configuration Debug for project LinkedList ****
make all 
Building file: ../main.cpp
Invoking: GCC C++ Compiler
g++ -O0 -g3 -Wall -c -fmessage-length=0 -MMD -MP -MF"main.d" -MT"main.o" -o "main.o" "../main.cpp"
Finished building: ../main.cpp
 
Building target: LinkedList
Invoking: MacOS X C++ Linker
g++  -o "LinkedList"  ./main.o   
Finished building target: LinkedList
 
14:19:57 **** Incremental Build of configuration Debug for project LinkedList ****
make all 
make: Nothing to be done for `all'.
14:20:13 **** Incremental Build of configuration Debug for project LinkedList ****
make all 
Building file: ../main.cpp
Invoking: GCC C++ Compiler
g++ -O0 -g3 -Wall -c -fmessage-length=0 -MMD -MP -MF"main.d" -MT"main.o" -o "main.o" "../main.cpp"
Finished building: ../main.cpp
 
Building target: LinkedList
Invoking: MacOS X C++ Linker
g++  -o "LinkedList"  ./main.o   
Finished building target: LinkedList
 
14:21:26 **** Incremental Build of configuration Debug for project LinkedList ****
make all 
Building file: ../main.cpp
Invoking: GCC C++ Compiler
g++ -O0 -g3 -Wall -c -fmessage-length=0 -MMD -MP -MF"main.d" -MT"main.o" -o "main.o" "../main.cpp"
Finished building: ../main.cpp
 
Building target: LinkedList
Invoking: MacOS X C++ Linker
g++  -o "LinkedList"  ./main.o   
Finished building target: LinkedList
 
